# JRE version: Java(TM) SE Runtime Environment (9.0+11) (build 9.0.1+11)
# Java VM: Java HotSpot(TM) 64-Bit Server VM (9.0.1+11, mixed mode, tiered, compressed oops, g1 gc, windows-amd64)
Heap:
 garbage-first heap   total 312320K, used 24933K [0x00000006c2200000, 0x00000006c2300988, 0x00000007c0000000)
  region size 1024K, 19 young (19456K), 19 survivors (19456K)
 Metaspace       used 33937K, capacity 35022K, committed 35200K, reserved 1081344K
  class space    used 3668K, capacity 3923K, committed 3968K, reserved 1048576K
GC Heap History (9 events):
Event: 0.600 GC heap before
{Heap before GC invocations=0 (full 0):
 garbage-first heap   total 260096K, used 22528K [0x00000006c2200000, 0x00000006c23007f0, 0x00000007c0000000)
  region size 1024K, 22 young (22528K), 0 survivors (0K)
 Metaspace       used 11348K, capacity 11682K, committed 12032K, reserved 1060864K
  class space    used 1102K, capacity 1173K, committed 1280K, reserved 1048576K
}
Event: 0.605 GC heap after
{Heap after GC invocations=1 (full 0):
 garbage-first heap   total 260096K, used 5309K [0x00000006c2200000, 0x00000006c23007f0, 0x00000007c0000000)
  region size 1024K, 3 young (3072K), 3 survivors (3072K)
 Metaspace       used 11348K, capacity 11682K, committed 12032K, reserved 1060864K
  class space    used 1102K, capacity 1173K, committed 1280K, reserved 1048576K
}
Event: 1.051 GC heap before
{Heap before GC invocations=1 (full 0):
 garbage-first heap   total 260096K, used 39101K [0x00000006c2200000, 0x00000006c23007f0, 0x00000007c0000000)
  region size 1024K, 36 young (36864K), 3 survivors (3072K)
 Metaspace       used 15241K, capacity 15634K, committed 15872K, reserved 1062912K
  class space    used 1591K, capacity 1674K, committed 1792K, reserved 1048576K
}
Event: 1.058 GC heap after
{Heap after GC invocations=2 (full 0):
 garbage-first heap   total 260096K, used 10041K [0x00000006c2200000, 0x00000006c23007f0, 0x00000007c0000000)
  region size 1024K, 5 young (5120K), 5 survivors (5120K)
 Metaspace       used 15241K, capacity 15634K, committed 15872K, reserved 1062912K
  class space    used 1591K, capacity 1674K, committed 1792K, reserved 1048576K
}
Event: 1.588 GC heap before
{Heap before GC invocations=2 (full 0):
 garbage-first heap   total 260096K, used 54073K [0x00000006c2200000, 0x00000006c23007f0, 0x00000007c0000000)
  region size 1024K, 48 young (49152K), 5 survivors (5120K)
 Metaspace       used 20318K, capacity 20774K, committed 21120K, reserved 1069056K
  class space    used 2197K, capacity 2305K, committed 2432K, reserved 1048576K
}
Event: 1.598 GC heap after
{Heap after GC invocations=3 (full 0):
 garbage-first heap   total 260096K, used 13125K [0x00000006c2200000, 0x00000006c23007f0, 0x00000007c0000000)
  region size 1024K, 6 young (6144K), 6 survivors (6144K)
 Metaspace       used 20318K, capacity 20774K, committed 21120K, reserved 1069056K
  class space    used 2197K, capacity 2305K, committed 2432K, reserved 1048576K
}
Event: 1.870 GC heap before
{Heap before GC invocations=3 (full 0):
 garbage-first heap   total 260096K, used 28485K [0x00000006c2200000, 0x00000006c23007f0, 0x00000007c0000000)
  region size 1024K, 22 young (22528K), 6 survivors (6144K)
 Metaspace       used 20634K, capacity 21150K, committed 21552K, reserved 1069056K
  class space    used 2213K, capacity 2341K, committed 2432K, reserved 1048576K
}
Event: 1.876 GC heap after
{Heap after GC invocations=4 (full 0):
 garbage-first heap   total 260096K, used 11069K [0x00000006c2200000, 0x00000006c23007f0, 0x00000007c0000000)
  region size 1024K, 4 young (4096K), 4 survivors (4096K)
 Metaspace       used 20634K, capacity 21150K, committed 21552K, reserved 1069056K
  class space    used 2213K, capacity 2341K, committed 2432K, reserved 1048576K
}
Event: 3.674 GC heap before
{Heap before GC invocations=5 (full 0):
 garbage-first heap   total 260096K, used 161597K [0x00000006c2200000, 0x00000006c23007f0, 0x00000007c0000000)
  region size 1024K, 152 young (155648K), 4 survivors (4096K)
 Metaspace       used 33937K, capacity 35022K, committed 35200K, reserved 1081344K
  class space    used 3668K, capacity 3923K, committed 3968K, reserved 1048576K
}

